
In Connection.php line 669:
                                                                               
  SQLSTATE[42P01]: Undefined table: 7 HATA:  "cache" nesnesi mevcut değil      
  LINE 1: select * from "cache" where "key" = $1 limit 1                       
                        ^ (SQL: select * from "cache" where "key" = liman_cac  
  heilluminate:queue:restart limit 1)                                          
                                                                               

In Exception.php line 18:
                                                                           
  SQLSTATE[42P01]: Undefined table: 7 HATA:  "cache" nesnesi mevcut değil  
  LINE 1: select * from "cache" where "key" = $1 limit 1                   
                        ^                                                  
                                                                           

In PDOStatement.php line 115:
                                                                           
  SQLSTATE[42P01]: Undefined table: 7 HATA:  "cache" nesnesi mevcut değil  
  LINE 1: select * from "cache" where "key" = $1 limit 1                   
                        ^                                                  
                                                                           


In Connection.php line 669:
                                                                               
  SQLSTATE[42P01]: Undefined table: 7 HATA:  "cache" nesnesi mevcut değil      
  LINE 1: select * from "cache" where "key" = $1 limit 1                       
                        ^ (SQL: select * from "cache" where "key" = liman_cac  
  heilluminate:queue:restart limit 1)                                          
                                                                               

In Exception.php line 18:
                                                                           
  SQLSTATE[42P01]: Undefined table: 7 HATA:  "cache" nesnesi mevcut değil  
  LINE 1: select * from "cache" where "key" = $1 limit 1                   
                        ^                                                  
                                                                           

In PDOStatement.php line 115:
                                                                           
  SQLSTATE[42P01]: Undefined table: 7 HATA:  "cache" nesnesi mevcut değil  
  LINE 1: select * from "cache" where "key" = $1 limit 1                   
                        ^                                                  
                                                                           


In Connection.php line 669:
                                                                               
  SQLSTATE[42P01]: Undefined table: 7 HATA:  "cache" nesnesi mevcut değil      
  LINE 1: select * from "cache" where "key" = $1 limit 1                       
                        ^ (SQL: select * from "cache" where "key" = liman_cac  
  heilluminate:queue:restart limit 1)                                          
                                                                               

In Exception.php line 18:
                                                                           
  SQLSTATE[42P01]: Undefined table: 7 HATA:  "cache" nesnesi mevcut değil  
  LINE 1: select * from "cache" where "key" = $1 limit 1                   
                        ^                                                  
                                                                           

In PDOStatement.php line 115:
                                                                           
  SQLSTATE[42P01]: Undefined table: 7 HATA:  "cache" nesnesi mevcut değil  
  LINE 1: select * from "cache" where "key" = $1 limit 1                   
                        ^                                                  
                                                                           


In Connection.php line 669:
                                                                               
  SQLSTATE[42P01]: Undefined table: 7 HATA:  "cache" nesnesi mevcut değil      
  LINE 1: select * from "cache" where "key" = $1 limit 1                       
                        ^ (SQL: select * from "cache" where "key" = liman_cac  
  heilluminate:queue:restart limit 1)                                          
                                                                               

In Exception.php line 18:
                                                                           
  SQLSTATE[42P01]: Undefined table: 7 HATA:  "cache" nesnesi mevcut değil  
  LINE 1: select * from "cache" where "key" = $1 limit 1                   
                        ^                                                  
                                                                           

In PDOStatement.php line 115:
                                                                           
  SQLSTATE[42P01]: Undefined table: 7 HATA:  "cache" nesnesi mevcut değil  
  LINE 1: select * from "cache" where "key" = $1 limit 1                   
                        ^                                                  
                                                                           

